<?xml version="1.0" encoding="UTF-8"?>
<testng-results skipped="0" failed="0" ignored="0" total="1" passed="1">
  <reporter-output>
  </reporter-output>
  <suite name="Default suite" duration-ms="30951" started-at="2019-11-13T09:47:17 AEDT" finished-at="2019-11-13T09:47:48 AEDT">
    <groups>
    </groups>
    <test name="Default test" duration-ms="30951" started-at="2019-11-13T09:47:17 AEDT" finished-at="2019-11-13T09:47:48 AEDT">
      <class name="automtionTest.AddToWishListTestCase">
        <test-method status="PASS" signature="SetDriver()[pri:0, instance:automtionTest.AddToWishListTestCase@369f73a2]" name="SetDriver" is-config="true" duration-ms="12900" started-at="2019-11-13T09:47:17 AEDT" finished-at="2019-11-13T09:47:30 AEDT">
          <reporter-output>
          </reporter-output>
        </test-method> <!-- SetDriver -->
        <test-method status="PASS" signature="addToWishlist()[pri:0, instance:automtionTest.AddToWishListTestCase@369f73a2]" name="addToWishlist" duration-ms="17715" started-at="2019-11-13T09:47:30 AEDT" finished-at="2019-11-13T09:47:48 AEDT">
          <reporter-output>
          </reporter-output>
        </test-method> <!-- addToWishlist -->
        <test-method status="PASS" signature="afterTest()[pri:0, instance:automtionTest.AddToWishListTestCase@369f73a2]" name="afterTest" is-config="true" duration-ms="279" started-at="2019-11-13T09:47:48 AEDT" finished-at="2019-11-13T09:47:48 AEDT">
          <reporter-output>
          </reporter-output>
        </test-method> <!-- afterTest -->
      </class> <!-- automtionTest.AddToWishListTestCase -->
    </test> <!-- Default test -->
  </suite> <!-- Default suite -->
</testng-results>
