<?xml version="1.0" encoding="UTF-8"?>
<testng-results skipped="0" failed="0" ignored="0" total="1" passed="1">
  <reporter-output>
  </reporter-output>
  <suite name="Default suite" duration-ms="26491" started-at="2019-11-12T21:51:33 AEDT" finished-at="2019-11-12T21:52:00 AEDT">
    <groups>
    </groups>
    <test name="Default test" duration-ms="26491" started-at="2019-11-12T21:51:33 AEDT" finished-at="2019-11-12T21:52:00 AEDT">
      <class name="automtionTest.AddToWishListTestCase">
        <test-method status="PASS" signature="SetDriver()[pri:0, instance:automtionTest.AddToWishListTestCase@369f73a2]" name="SetDriver" is-config="true" duration-ms="9534" started-at="2019-11-12T21:51:33 AEDT" finished-at="2019-11-12T21:51:43 AEDT">
          <reporter-output>
          </reporter-output>
        </test-method> <!-- SetDriver -->
        <test-method status="PASS" signature="addToWishlist()[pri:0, instance:automtionTest.AddToWishListTestCase@369f73a2]" name="addToWishlist" duration-ms="16744" started-at="2019-11-12T21:51:43 AEDT" finished-at="2019-11-12T21:52:00 AEDT">
          <reporter-output>
          </reporter-output>
        </test-method> <!-- addToWishlist -->
        <test-method status="PASS" signature="afterTest()[pri:0, instance:automtionTest.AddToWishListTestCase@369f73a2]" name="afterTest" is-config="true" duration-ms="168" started-at="2019-11-12T21:52:00 AEDT" finished-at="2019-11-12T21:52:00 AEDT">
          <reporter-output>
          </reporter-output>
        </test-method> <!-- afterTest -->
      </class> <!-- automtionTest.AddToWishListTestCase -->
    </test> <!-- Default test -->
  </suite> <!-- Default suite -->
</testng-results>
